<?xml version="1.0" encoding="UTF-8"?>
<!-- Generated by org.testng.reporters.JUnitReportReporter -->
<testsuite hostname="DESKTOP-TOOHLUF" failures="0" tests="1" name="testpckg.OrangeHRMTest" time="24.989" errors="0" timestamp="2025-06-30T06:04:10 IST" skipped="0">
  <testcase classname="testpckg.OrangeHRMTest" name="verifyLogin" time="24.989"/>
</testsuite> <!-- testpckg.OrangeHRMTest -->
